<?xml version="1.0" encoding="UTF-8"?>
<testsuite xmlns:xsi="http://www.w3.org/2001/XMLSchema-instance" xsi:noNamespaceSchemaLocation="https://maven.apache.org/surefire/maven-surefire-plugin/xsd/surefire-test-report.xsd" name="com.tanhua.server.test.HuanxinTest" time="7.728" tests="4" errors="2" skipped="0" failures="0">
  <properties>
[...]
</properties>
  <testcase name="registerBatch" classname="com.tanhua.server.test.HuanxinTest" time="1.25">
    <error message="400 " type="org.springframework.web.client.HttpClientErrorException$BadRequest">org.springframework.web.client.HttpClientErrorException$BadRequest: 400 
	at com.tanhua.server.test.HuanxinTest.registerBatch(HuanxinTest.java:29)
</error>
    <system-out><![CDATA[20:30:10.818 [main] DEBUG org.springframework.test.context.junit4.SpringJUnit4ClassRunner - SpringJUnit4ClassRunner constructor called with [class com.tanhua.server.test.HuanxinTest]
20:30:10.822 [main] DEBUG org.springframework.test.context.BootstrapUtils - Instantiating CacheAwareContextLoaderDelegate from class [org.springframework.test.context.cache.DefaultCacheAwareContextLoaderDelegate]
20:30:10.826 [main] DEBUG org.springframework.test.context.BootstrapUtils - Instantiating BootstrapContext using constructor [public org.springframework.test.context.support.DefaultBootstrapContext(java.lang.Class,org.springframework.test.context.CacheAwareContextLoaderDelegate)]
20:30:10.841 [main] DEBUG org.springframework.test.context.BootstrapUtils - Instantiating TestContextBootstrapper for test class [com.tanhua.server.test.HuanxinTest] from class [org.springframework.boot.test.context.SpringBootTestContextBootstrapper]
20:30:10.849 [main] INFO org.springframework.boot.test.context.SpringBootTestContextBootstrapper - Neither @ContextConfiguration nor @ContextHierarchy found for test class [com.tanhua.server.test.HuanxinTest], using SpringBootContextLoader
20:30:10.853 [main] DEBUG org.springframework.test.context.support.AbstractContextLoader - Did not detect default resource location for test class [com.tanhua.server.test.HuanxinTest]: class path resource [com/tanhua/server/test/HuanxinTest-context.xml] does not exist
20:30:10.853 [main] DEBUG org.springframework.test.context.support.AbstractContextLoader - Did not detect default resource location for test class [com.tanhua.server.test.HuanxinTest]: class path resource [com/tanhua/server/test/HuanxinTestContext.groovy] does not exist
20:30:10.853 [main] INFO org.springframework.test.context.support.AbstractContextLoader - Could not detect default resource locations for test class [com.tanhua.server.test.HuanxinTest]: no resource found for suffixes {-context.xml, Context.groovy}.
20:30:10.853 [main] INFO org.springframework.test.context.support.AnnotationConfigContextLoaderUtils - Could not detect default configuration classes for test class [com.tanhua.server.test.HuanxinTest]: HuanxinTest does not declare any static, non-private, non-final, nested classes annotated with @Configuration.
20:30:10.884 [main] DEBUG org.springframework.test.context.support.ActiveProfilesUtils - Could not find an 'annotation declaring class' for annotation type [org.springframework.test.context.ActiveProfiles] and class [com.tanhua.server.test.HuanxinTest]
20:30:10.940 [main] DEBUG org.springframework.context.annotation.ClassPathScanningCandidateComponentProvider - Identified candidate component class: file [E:\HeiMa\study\code\tanhua\tanhua-server\target\classes\com\tanhua\server\TanhuaServerApplication.class]
20:30:10.944 [main] INFO org.springframework.boot.test.context.SpringBootTestContextBootstrapper - Found @SpringBootConfiguration com.tanhua.server.TanhuaServerApplication for test class com.tanhua.server.test.HuanxinTest
20:30:11.034 [main] DEBUG org.springframework.boot.test.context.SpringBootTestContextBootstrapper - @TestExecutionListeners is not present for class [com.tanhua.server.test.HuanxinTest]: using defaults.
20:30:11.034 [main] INFO org.springframework.boot.test.context.SpringBootTestContextBootstrapper - Loaded default TestExecutionListener class names from location [META-INF/spring.factories]: [org.springframework.boot.test.mock.mockito.MockitoTestExecutionListener, org.springframework.boot.test.mock.mockito.ResetMocksTestExecutionListener, org.springframework.boot.test.autoconfigure.restdocs.RestDocsTestExecutionListener, org.springframework.boot.test.autoconfigure.web.client.MockRestServiceServerResetTestExecutionListener, org.springframework.boot.test.autoconfigure.web.servlet.MockMvcPrintOnlyOnFailureTestExecutionListener, org.springframework.boot.test.autoconfigure.web.servlet.WebDriverTestExecutionListener, org.springframework.test.context.web.ServletTestExecutionListener, org.springframework.test.context.support.DirtiesContextBeforeModesTestExecutionListener, org.springframework.test.context.support.DependencyInjectionTestExecutionListener, org.springframework.test.context.support.DirtiesContextTestExecutionListener, org.springframework.test.context.transaction.TransactionalTestExecutionListener, org.springframework.test.context.jdbc.SqlScriptsTestExecutionListener]
20:30:11.049 [main] INFO org.springframework.boot.test.context.SpringBootTestContextBootstrapper - Using TestExecutionListeners: [org.springframework.test.context.web.ServletTestExecutionListener@548e6d58, org.springframework.test.context.support.DirtiesContextBeforeModesTestExecutionListener@623a8092, org.springframework.boot.test.mock.mockito.MockitoTestExecutionListener@a1cdc6d, org.springframework.boot.test.autoconfigure.SpringBootDependencyInjectionTestExecutionListener@175b9425, org.springframework.test.context.support.DirtiesContextTestExecutionListener@3098cf3b, org.springframework.test.context.transaction.TransactionalTestExecutionListener@610f7aa, org.springframework.test.context.jdbc.SqlScriptsTestExecutionListener@6a03bcb1, org.springframework.boot.test.mock.mockito.ResetMocksTestExecutionListener@21b2e768, org.springframework.boot.test.autoconfigure.restdocs.RestDocsTestExecutionListener@57250572, org.springframework.boot.test.autoconfigure.web.client.MockRestServiceServerResetTestExecutionListener@5609159b, org.springframework.boot.test.autoconfigure.web.servlet.MockMvcPrintOnlyOnFailureTestExecutionListener@2118cddf, org.springframework.boot.test.autoconfigure.web.servlet.WebDriverTestExecutionListener@17a7f733]
20:30:11.049 [main] DEBUG org.springframework.test.annotation.ProfileValueUtils - Retrieved @ProfileValueSourceConfiguration [null] for test class [com.tanhua.server.test.HuanxinTest]
20:30:11.049 [main] DEBUG org.springframework.test.annotation.ProfileValueUtils - Retrieved ProfileValueSource type [class org.springframework.test.annotation.SystemProfileValueSource] for class [com.tanhua.server.test.HuanxinTest]
20:30:11.049 [main] DEBUG org.springframework.test.annotation.ProfileValueUtils - Retrieved @ProfileValueSourceConfiguration [null] for test class [com.tanhua.server.test.HuanxinTest]
20:30:11.049 [main] DEBUG org.springframework.test.annotation.ProfileValueUtils - Retrieved ProfileValueSource type [class org.springframework.test.annotation.SystemProfileValueSource] for class [com.tanhua.server.test.HuanxinTest]
20:30:11.053 [main] DEBUG org.springframework.test.annotation.ProfileValueUtils - Retrieved @ProfileValueSourceConfiguration [null] for test class [com.tanhua.server.test.HuanxinTest]
20:30:11.053 [main] DEBUG org.springframework.test.annotation.ProfileValueUtils - Retrieved ProfileValueSource type [class org.springframework.test.annotation.SystemProfileValueSource] for class [com.tanhua.server.test.HuanxinTest]
20:30:11.053 [main] DEBUG org.springframework.test.context.support.AbstractDirtiesContextTestExecutionListener - Before test class: context [DefaultTestContext@ba54932 testClass = HuanxinTest, testInstance = [null], testMethod = [null], testException = [null], mergedContextConfiguration = [WebMergedContextConfiguration@28975c28 testClass = HuanxinTest, locations = '{}', classes = '{class com.tanhua.server.TanhuaServerApplication}', contextInitializerClasses = '[]', activeProfiles = '{}', propertySourceLocations = '{}', propertySourceProperties = '{org.springframework.boot.test.context.SpringBootTestContextBootstrapper=true}', contextCustomizers = set[org.springframework.boot.test.context.filter.ExcludeFilterContextCustomizer@27fe3806, org.springframework.boot.test.json.DuplicateJsonObjectContextCustomizerFactory$DuplicateJsonObjectContextCustomizer@48a242ce, org.springframework.boot.test.mock.mockito.MockitoContextCustomizer@0, org.springframework.boot.test.web.client.TestRestTemplateContextCustomizer@2f490758, org.springframework.boot.test.autoconfigure.properties.PropertyMappingContextCustomizer@0, org.springframework.boot.test.autoconfigure.web.servlet.WebDriverContextCustomizerFactory$Customizer@17776a8], resourceBasePath = 'src/main/webapp', contextLoader = 'org.springframework.boot.test.context.SpringBootContextLoader', parent = [null]], attributes = map['org.springframework.test.context.web.ServletTestExecutionListener.activateListener' -> true]], class annotated with @DirtiesContext [false] with mode [null].
20:30:11.053 [main] DEBUG org.springframework.test.annotation.ProfileValueUtils - Retrieved @ProfileValueSourceConfiguration [null] for test class [com.tanhua.server.test.HuanxinTest]
20:30:11.053 [main] DEBUG org.springframework.test.annotation.ProfileValueUtils - Retrieved ProfileValueSource type [class org.springframework.test.annotation.SystemProfileValueSource] for class [com.tanhua.server.test.HuanxinTest]
20:30:11.076 [main] DEBUG org.springframework.test.context.support.TestPropertySourceUtils - Adding inlined properties to environment: {spring.jmx.enabled=false, org.springframework.boot.test.context.SpringBootTestContextBootstrapper=true, server.port=-1}
2021-07-09 20:30:11.263 INFO  [main] 

 :: Dubbo Spring Boot (v2.7.5) : https://github.com/apache/dubbo-spring-boot-project
 :: Dubbo (v2.7.5) : https://github.com/apache/dubbo
 :: Discuss group : dev@dubbo.apache.org
 - o.a.d.s.b.c.e.WelcomeLogoApplicationListener
2021-07-09 20:30:11.267 INFO  [main] Dubbo Config was overridden by externalized configuration {dubbo.application.name=tanhua-server, dubbo.application.qos-enable=false, dubbo.config.multiple=true, dubbo.consumer.check=false, dubbo.registry.address=zookeeper://10.10.20.160:2181} - o.a.d.s.b.c.e.OverrideDubboConfigApplicationListener

  .   ____          _            __ _ _
 /\\ / ___'_ __ _ _(_)_ __  __ _ \ \ \ \
( ( )\___ | '_ | '_| | '_ \/ _` | \ \ \ \
 \\/  ___)| |_)| | | | | || (_| |  ) ) ) )
  '  |____| .__|_| |_|_| |_\__, | / / / /
 =========|_|==============|___/=/_/_/_/
 :: Spring Boot ::        (v2.1.0.RELEASE)

2021-07-09 20:30:11.334 WARN  [main] 

Found multiple occurrences of org.json.JSONObject on the class path:

	jar:file:/D:/java/repository/org/json/json/20160810/json-20160810.jar!/org/json/JSONObject.class
	jar:file:/D:/java/repository/com/vaadin/external/google/android-json/0.0.20131108.vaadin1/android-json-0.0.20131108.vaadin1.jar!/org/json/JSONObject.class

You may wish to exclude one of them to ensure predictable runtime behavior
 - o.s.b.t.j.DuplicateJsonObjectContextCustomizerFactory$DuplicateJsonObjectContextCustomizer
2021-07-09 20:30:11.341 INFO  [main] Starting HuanxinTest on MSI with PID 6088 (started by 刘齐 in E:\HeiMa\study\code\tanhua\tanhua-server) - c.t.s.t.HuanxinTest
2021-07-09 20:30:11.341 DEBUG [main] Running with Spring Boot v2.1.0.RELEASE, Spring v5.1.2.RELEASE - c.t.s.t.HuanxinTest
2021-07-09 20:30:11.345 INFO  [main] No active profile set, falling back to default profiles: default - c.t.s.t.HuanxinTest
2021-07-09 20:30:11.400 INFO  [main] The Infrastructure bean definition [Root bean: class [org.apache.dubbo.spring.boot.beans.factory.config.DubboConfigBeanCustomizer]; scope=; abstract=false; lazyInit=false; autowireMode=0; dependencyCheck=0; autowireCandidate=true; primary=false; factoryBeanName=null; factoryMethodName=null; initMethodName=null; destroyMethodName=nullwith name [namePropertyDefaultValueDubboConfigBeanCustomizer] has been registered. - c.a.s.u.BeanRegistrar
2021-07-09 20:30:11.879 INFO  [main] The configuration bean definition [name : org.apache.dubbo.config.ApplicationConfig#0, content : Root bean: class [org.apache.dubbo.config.ApplicationConfig]; scope=; abstract=false; lazyInit=false; autowireMode=0; dependencyCheck=0; autowireCandidate=true; primary=false; factoryBeanName=null; factoryMethodName=null; initMethodName=null; destroyMethodName=null] has been registered. - c.a.s.b.f.a.ConfigurationBeanBindingRegistrar
2021-07-09 20:30:11.879 INFO  [main] The Infrastructure bean definition [Root bean: class [com.alibaba.spring.beans.factory.annotation.ConfigurationBeanBindingPostProcessor]; scope=; abstract=false; lazyInit=false; autowireMode=0; dependencyCheck=0; autowireCandidate=true; primary=false; factoryBeanName=null; factoryMethodName=null; initMethodName=null; destroyMethodName=nullwith name [configurationBeanBindingPostProcessor] has been registered. - c.a.s.u.BeanRegistrar
2021-07-09 20:30:11.883 INFO  [main] The configuration bean definition [name : org.apache.dubbo.config.RegistryConfig#0, content : Root bean: class [org.apache.dubbo.config.RegistryConfig]; scope=; abstract=false; lazyInit=false; autowireMode=0; dependencyCheck=0; autowireCandidate=true; primary=false; factoryBeanName=null; factoryMethodName=null; initMethodName=null; destroyMethodName=null] has been registered. - c.a.s.b.f.a.ConfigurationBeanBindingRegistrar
2021-07-09 20:30:11.883 INFO  [main] The configuration bean definition [name : org.apache.dubbo.config.ConsumerConfig#0, content : Root bean: class [org.apache.dubbo.config.ConsumerConfig]; scope=; abstract=false; lazyInit=false; autowireMode=0; dependencyCheck=0; autowireCandidate=true; primary=false; factoryBeanName=null; factoryMethodName=null; initMethodName=null; destroyMethodName=null] has been registered. - c.a.s.b.f.a.ConfigurationBeanBindingRegistrar
2021-07-09 20:30:11.923 INFO  [main] Multiple Spring Data modules found, entering strict repository configuration mode! - o.s.d.r.c.RepositoryConfigurationDelegate
2021-07-09 20:30:11.927 INFO  [main] Bootstrapping Spring Data repositories in DEFAULT mode. - o.s.d.r.c.RepositoryConfigurationDelegate
2021-07-09 20:30:11.946 INFO  [main] Finished Spring Data repository scanning in 11ms. Found 0 repository interfaces. - o.s.d.r.c.RepositoryConfigurationDelegate
2021-07-09 20:30:11.954 INFO  [main] Multiple Spring Data modules found, entering strict repository configuration mode! - o.s.d.r.c.RepositoryConfigurationDelegate
2021-07-09 20:30:11.954 INFO  [main] Bootstrapping Spring Data repositories in DEFAULT mode. - o.s.d.r.c.RepositoryConfigurationDelegate
2021-07-09 20:30:11.966 INFO  [main] Finished Spring Data repository scanning in 4ms. Found 0 repository interfaces. - o.s.d.r.c.RepositoryConfigurationDelegate
2021-07-09 20:30:12.212 INFO  [main] Bean 'org.apache.dubbo.spring.boot.autoconfigure.DubboAutoConfiguration' of type [org.apache.dubbo.spring.boot.autoconfigure.DubboAutoConfiguration$$EnhancerBySpringCGLIB$$9a3f8f88] is not eligible for getting processed by all BeanPostProcessors (for example: not eligible for auto-proxying) - o.s.c.s.PostProcessorRegistrationDelegate$BeanPostProcessorChecker
2021-07-09 20:30:12.719 INFO  [main] The configuration bean [<dubbo:application name="tanhua-server" valid="true" qosEnable="false" hostname="MSI" qosEnableCompatible="false" id="tanhua-server" prefix="dubbo.application" />] have been binding by the configuration properties [{name=tanhua-server, qos-enable=false}] - c.a.s.b.f.a.ConfigurationBeanBindingPostProcessor
2021-07-09 20:30:12.731 INFO  [main] The configuration bean [<dubbo:registry address="zookeeper://10.10.20.160:2181" protocol="zookeeper" port="2181" valid="true" id="zookeeper" prefix="dubbo.registry" />] have been binding by the configuration properties [{address=zookeeper://10.10.20.160:2181}] - c.a.s.b.f.a.ConfigurationBeanBindingPostProcessor
2021-07-09 20:30:12.743 INFO  [main] The configuration bean [<dubbo:consumer check="false" sticky="false" valid="true" prefix="dubbo.consumer" />] have been binding by the configuration properties [{check=false}] - c.a.s.b.f.a.ConfigurationBeanBindingPostProcessor
2021-07-09 20:30:12.751 INFO  [main] The configBean[type:ReferenceBean] has been built. - o.a.d.c.s.b.f.a.ReferenceBeanBuilder
2021-07-09 20:30:12.853 INFO  [main] Running in ZooKeeper 3.4.x compatibility mode - o.a.c.u.Compatibility
2021-07-09 20:30:12.853 INFO  [main] Using emulated InjectSessionExpiration - o.a.c.u.Compatibility
2021-07-09 20:30:12.881 INFO  [main] Starting - o.a.c.f.i.CuratorFrameworkImpl
2021-07-09 20:30:12.885 INFO  [main] Client environment:zookeeper.version=3.4.12--1, built on 03/27/2018 04:49 GMT - o.a.z.ZooKeeper
2021-07-09 20:30:12.885 INFO  [main] Client environment:host.name=MSI - o.a.z.ZooKeeper
2021-07-09 20:30:12.885 INFO  [main] Client environment:java.version=1.8.0_162 - o.a.z.ZooKeeper
2021-07-09 20:30:12.885 INFO  [main] Client environment:java.vendor=Oracle Corporation - o.a.z.ZooKeeper
2021-07-09 20:30:12.885 INFO  [main] Client environment:java.home=E:\HeiMa\study\soft\jdk1.8.0_162\jre - o.a.z.ZooKeeper
2021-07-09 20:30:12.885 INFO  [main] Client environment:java.class.path=E:\HeiMa\study\code\tanhua\tanhua-server\target\test-classes;E:\HeiMa\study\code\tanhua\tanhua-server\target\classes;D:\java\repository\com\tanhua\tanhua-dubbo-interface\1.0-SNAPSHOT\tanhua-dubbo-interface-1.0-SNAPSHOT.jar;D:\java\repository\com\tanhua\tanhua-domain\1.0-SNAPSHOT\tanhua-domain-1.0-SNAPSHOT.jar;D:\java\repository\org\springframework\boot\spring-boot-starter-data-mongodb\2.1.0.RELEASE\spring-boot-starter-data-mongodb-2.1.0.RELEASE.jar;D:\java\repository\org\mongodb\mongodb-driver\3.8.2\mongodb-driver-3.8.2.jar;D:\java\repository\org\springframework\data\spring-data-mongodb\2.1.2.RELEASE\spring-data-mongodb-2.1.2.RELEASE.jar;D:\java\repository\org\mongodb\mongodb-driver-sync\3.9.1\mongodb-driver-sync-3.9.1.jar;D:\java\repository\org\mongodb\bson\3.8.2\bson-3.8.2.jar;D:\java\repository\org\mongodb\mongodb-driver-core\3.8.2\mongodb-driver-core-3.8.2.jar;D:\java\repository\com\baomidou\mybatis-plus\3.1.1\mybatis-plus-3.1.1.jar;D:\java\repository\com\baomidou\mybatis-plus-extension\3.1.1\mybatis-plus-extension-3.1.1.jar;D:\java\repository\com\baomidou\mybatis-plus-core\3.1.1\mybatis-plus-core-3.1.1.jar;D:\java\repository\com\baomidou\mybatis-plus-annotation\3.1.1\mybatis-plus-annotation-3.1.1.jar;D:\java\repository\com\github\jsqlparser\jsqlparser\1.2\jsqlparser-1.2.jar;D:\java\repository\org\mybatis\mybatis\3.5.1\mybatis-3.5.1.jar;D:\java\repository\org\mybatis\mybatis-spring\2.0.1\mybatis-spring-2.0.1.jar;D:\java\repository\com\tanhua\tanhua-commons\1.0-SNAPSHOT\tanhua-commons-1.0-SNAPSHOT.jar;D:\java\repository\com\aliyun\aliyun-java-sdk-core\4.0.6\aliyun-java-sdk-core-4.0.6.jar;D:\java\repository\com\google\code\gson\gson\2.8.5\gson-2.8.5.jar;D:\java\repository\org\apache\httpcomponents\httpclient\4.5.6\httpclient-4.5.6.jar;D:\java\repository\org\apache\httpcomponents\httpcore\4.4.10\httpcore-4.4.10.jar;D:\java\repository\javax\xml\bind\jaxb-api\2.3.1\jaxb-api-2.3.1.jar;D:\java\repository\javax\activation\javax.activation-api\1.2.0\javax.activation-api-1.2.0.jar;D:\java\repository\com\sun\xml\bind\jaxb-core\2.1.14\jaxb-core-2.1.14.jar;D:\java\repository\com\sun\xml\bind\jaxb-impl\2.1\jaxb-impl-2.1.jar;D:\java\repository\javax\activation\activation\1.1.1\activation-1.1.1.jar;D:\java\repository\com\aliyun\aliyun-java-sdk-dysmsapi\1.1.0\aliyun-java-sdk-dysmsapi-1.1.0.jar;D:\java\repository\com\aliyun\oss\aliyun-sdk-oss\3.10.2\aliyun-sdk-oss-3.10.2.jar;D:\java\repository\org\jdom\jdom2\2.0.6\jdom2-2.0.6.jar;D:\java\repository\org\codehaus\jettison\jettison\1.1\jettison-1.1.jar;D:\java\repository\stax\stax-api\1.0.1\stax-api-1.0.1.jar;D:\java\repository\com\aliyun\aliyun-java-sdk-ram\3.0.0\aliyun-java-sdk-ram-3.0.0.jar;D:\java\repository\com\aliyun\aliyun-java-sdk-sts\3.0.0\aliyun-java-sdk-sts-3.0.0.jar;D:\java\repository\com\aliyun\aliyun-java-sdk-ecs\4.2.0\aliyun-java-sdk-ecs-4.2.0.jar;D:\java\repository\com\aliyun\aliyun-java-sdk-kms\2.7.0\aliyun-java-sdk-kms-2.7.0.jar;D:\java\repository\com\baidu\aip\java-sdk\4.8.0\java-sdk-4.8.0.jar;D:\java\repository\org\json\json\20160810\json-20160810.jar;D:\java\repository\org\springframework\boot\spring-boot-starter\2.1.0.RELEASE\spring-boot-starter-2.1.0.RELEASE.jar;D:\java\repository\org\springframework\boot\spring-boot\2.1.0.RELEASE\spring-boot-2.1.0.RELEASE.jar;D:\java\repository\org\springframework\boot\spring-boot-starter-logging\2.1.0.RELEASE\spring-boot-starter-logging-2.1.0.RELEASE.jar;D:\java\repository\ch\qos\logback\logback-classic\1.2.3\logback-classic-1.2.3.jar;D:\java\repository\ch\qos\logback\logback-core\1.2.3\logback-core-1.2.3.jar;D:\java\repository\org\apache\logging\log4j\log4j-to-slf4j\2.11.1\log4j-to-slf4j-2.11.1.jar;D:\java\repository\org\apache\logging\log4j\log4j-api\2.11.1\log4j-api-2.11.1.jar;D:\java\repository\org\slf4j\jul-to-slf4j\1.7.25\jul-to-slf4j-1.7.25.jar;D:\java\repository\javax\annotation\javax.annotation-api\1.3.2\javax.annotation-api-1.3.2.jar;D:\java\repository\org\yaml\snakeyaml\1.23\snakeyaml-1.23.jar;D:\java\repository\org\springframework\boot\spring-boot-starter-web\2.1.0.RELEASE\spring-boot-starter-web-2.1.0.RELEASE.jar;D:\java\repository\org\springframework\boot\spring-boot-starter-json\2.1.0.RELEASE\spring-boot-starter-json-2.1.0.RELEASE.jar;D:\java\repository\com\fasterxml\jackson\datatype\jackson-datatype-jdk8\2.9.9\jackson-datatype-jdk8-2.9.9.jar;D:\java\repository\com\fasterxml\jackson\datatype\jackson-datatype-jsr310\2.9.9\jackson-datatype-jsr310-2.9.9.jar;D:\java\repository\com\fasterxml\jackson\module\jackson-module-parameter-names\2.9.9\jackson-module-parameter-names-2.9.9.jar;D:\java\repository\org\springframework\boot\spring-boot-starter-tomcat\2.1.0.RELEASE\spring-boot-starter-tomcat-2.1.0.RELEASE.jar;D:\java\repository\org\apache\tomcat\embed\tomcat-embed-core\9.0.12\tomcat-embed-core-9.0.12.jar;D:\java\repository\org\apache\tomcat\embed\tomcat-embed-el\9.0.12\tomcat-embed-el-9.0.12.jar;D:\java\repository\org\apache\tomcat\embed\tomcat-embed-websocket\9.0.12\tomcat-embed-websocket-9.0.12.jar;D:\java\repository\org\hibernate\validator\hibernate-validator\6.0.13.Final\hibernate-validator-6.0.13.Final.jar;D:\java\repository\javax\validation\validation-api\2.0.1.Final\validation-api-2.0.1.Final.jar;D:\java\repository\org\jboss\logging\jboss-logging\3.3.2.Final\jboss-logging-3.3.2.Final.jar;D:\java\repository\com\fasterxml\classmate\1.4.0\classmate-1.4.0.jar;D:\java\repository\org\springframework\spring-web\5.1.2.RELEASE\spring-web-5.1.2.RELEASE.jar;D:\java\repository\org\springframework\spring-beans\5.1.2.RELEASE\spring-beans-5.1.2.RELEASE.jar;D:\java\repository\org\springframework\spring-webmvc\5.1.2.RELEASE\spring-webmvc-5.1.2.RELEASE.jar;D:\java\repository\org\springframework\spring-aop\5.1.2.RELEASE\spring-aop-5.1.2.RELEASE.jar;D:\java\repository\org\springframework\spring-expression\5.1.2.RELEASE\spring-expression-5.1.2.RELEASE.jar;D:\java\repository\org\springframework\boot\spring-boot-starter-data-redis\2.1.0.RELEASE\spring-boot-starter-data-redis-2.1.0.RELEASE.jar;D:\java\repository\org\springframework\data\spring-data-redis\2.1.2.RELEASE\spring-data-redis-2.1.2.RELEASE.jar;D:\java\repository\org\springframework\data\spring-data-keyvalue\2.1.2.RELEASE\spring-data-keyvalue-2.1.2.RELEASE.jar;D:\java\repository\org\springframework\data\spring-data-commons\2.1.2.RELEASE\spring-data-commons-2.1.2.RELEASE.jar;D:\java\repository\org\springframework\spring-tx\5.1.2.RELEASE\spring-tx-5.1.2.RELEASE.jar;D:\java\repository\org\springframework\spring-oxm\5.1.2.RELEASE\spring-oxm-5.1.2.RELEASE.jar;D:\java\repository\org\springframework\spring-context-support\5.1.2.RELEASE\spring-context-support-5.1.2.RELEASE.jar;D:\java\repository\io\lettuce\lettuce-core\5.1.2.RELEASE\lettuce-core-5.1.2.RELEASE.jar;D:\java\repository\io\projectreactor\reactor-core\3.2.2.RELEASE\reactor-core-3.2.2.RELEASE.jar;D:\java\repository\org\reactivestreams\reactive-streams\1.0.2\reactive-streams-1.0.2.jar;D:\java\repository\io\netty\netty-common\4.1.29.Final\netty-common-4.1.29.Final.jar;D:\java\repository\io\netty\netty-transport\4.1.29.Final\netty-transport-4.1.29.Final.jar;D:\java\repository\io\netty\netty-buffer\4.1.29.Final\netty-buffer-4.1.29.Final.jar;D:\java\repository\io\netty\netty-resolver\4.1.29.Final\netty-resolver-4.1.29.Final.jar;D:\java\repository\io\netty\netty-handler\4.1.29.Final\netty-handler-4.1.29.Final.jar;D:\java\repository\io\netty\netty-codec\4.1.29.Final\netty-codec-4.1.29.Final.jar;D:\java\repository\org\apache\commons\commons-lang3\3.7\commons-lang3-3.7.jar;D:\java\repository\com\fasterxml\jackson\core\jackson-databind\2.9.9\jackson-databind-2.9.9.jar;D:\java\repository\com\fasterxml\jackson\core\jackson-annotations\2.9.0\jackson-annotations-2.9.0.jar;D:\java\repository\com\fasterxml\jackson\core\jackson-core\2.9.9\jackson-core-2.9.9.jar;D:\java\repository\commons-codec\commons-codec\1.11\commons-codec-1.11.jar;D:\java\repository\joda-time\joda-time\2.5\joda-time-2.5.jar;D:\java\repository\io\jsonwebtoken\jjwt\0.9.1\jjwt-0.9.1.jar;D:\java\repository\com\github\tobato\fastdfs-client\1.26.7\fastdfs-client-1.26.7.jar;D:\java\repository\org\slf4j\slf4j-api\1.7.25\slf4j-api-1.7.25.jar;D:\java\repository\org\slf4j\jcl-over-slf4j\1.7.25\jcl-over-slf4j-1.7.25.jar;D:\java\repository\commons-beanutils\commons-beanutils\1.9.3\commons-beanutils-1.9.3.jar;D:\java\repository\commons-collections\commons-collections\3.2.2\commons-collections-3.2.2.jar;D:\java\repository\commons-io\commons-io\2.4\commons-io-2.4.jar;D:\java\repository\org\apache\commons\commons-pool2\2.6.0\commons-pool2-2.6.0.jar;D:\java\repository\org\springframework\spring-core\5.1.2.RELEASE\spring-core-5.1.2.RELEASE.jar;D:\java\repository\org\springframework\spring-jcl\5.1.2.RELEASE\spring-jcl-5.1.2.RELEASE.jar;D:\java\repository\org\springframework\boot\spring-boot-autoconfigure\2.1.0.RELEASE\spring-boot-autoconfigure-2.1.0.RELEASE.jar;D:\java\repository\org\springframework\spring-context\5.1.2.RELEASE\spring-context-5.1.2.RELEASE.jar;D:\java\repository\net\coobird\thumbnailator\0.4.8\thumbnailator-0.4.8.jar;D:\java\repository\org\apache\dubbo\dubbo-spring-boot-starter\2.7.5\dubbo-spring-boot-starter-2.7.5.jar;D:\java\repository\org\apache\dubbo\dubbo-spring-boot-autoconfigure\2.7.5\dubbo-spring-boot-autoconfigure-2.7.5.jar;D:\java\repository\org\apache\dubbo\dubbo-spring-boot-autoconfigure-compatible\2.7.5\dubbo-spring-boot-autoconfigure-compatible-2.7.5.jar;D:\java\repository\org\apache\dubbo\dubbo\2.7.5\dubbo-2.7.5.jar;D:\java\repository\com\alibaba\spring\spring-context-support\1.0.5\spring-context-support-1.0.5.jar;D:\java\repository\org\javassist\javassist\3.20.0-GA\javassist-3.20.0-GA.jar;D:\java\repository\io\netty\netty-all\4.1.29.Final\netty-all-4.1.29.Final.jar;D:\java\repository\org\apache\curator\curator-recipes\4.2.0\curator-recipes-4.2.0.jar;D:\java\repository\org\apache\curator\curator-framework\4.2.0\curator-framework-4.2.0.jar;D:\java\repository\org\apache\curator\curator-client\4.2.0\curator-client-4.2.0.jar;D:\java\repository\com\google\guava\guava\27.0.1-jre\guava-27.0.1-jre.jar;D:\java\repository\com\google\guava\failureaccess\1.0.1\failureaccess-1.0.1.jar;D:\java\repository\com\google\guava\listenablefuture\9999.0-empty-to-avoid-conflict-with-guava\listenablefuture-9999.0-empty-to-avoid-conflict-with-guava.jar;D:\java\repository\com\google\code\findbugs\jsr305\3.0.2\jsr305-3.0.2.jar;D:\java\repository\org\checkerframework\checker-qual\2.5.2\checker-qual-2.5.2.jar;D:\java\repository\com\google\errorprone\error_prone_annotations\2.2.0\error_prone_annotations-2.2.0.jar;D:\java\repository\com\google\j2objc\j2objc-annotations\1.1\j2objc-annotations-1.1.jar;D:\java\repository\org\codehaus\mojo\animal-sniffer-annotations\1.17\animal-sniffer-annotations-1.17.jar;D:\java\repository\org\apache\zookeeper\zookeeper\3.4.12\zookeeper-3.4.12.jar;D:\java\repository\org\slf4j\slf4j-log4j12\1.7.25\slf4j-log4j12-1.7.25.jar;D:\java\repository\log4j\log4j\1.2.17\log4j-1.2.17.jar;D:\java\repository\jline\jline\0.9.94\jline-0.9.94.jar;D:\java\repository\org\apache\yetus\audience-annotations\0.5.0\audience-annotations-0.5.0.jar;D:\java\repository\io\netty\netty\3.10.6.Final\netty-3.10.6.Final.jar;D:\java\repository\org\springframework\boot\spring-boot-starter-test\2.1.0.RELEASE\spring-boot-starter-test-2.1.0.RELEASE.jar;D:\java\repository\org\springframework\boot\spring-boot-test\2.1.0.RELEASE\spring-boot-test-2.1.0.RELEASE.jar;D:\java\repository\org\springframework\boot\spring-boot-test-autoconfigure\2.1.0.RELEASE\spring-boot-test-autoconfigure-2.1.0.RELEASE.jar;D:\java\repository\com\jayway\jsonpath\json-path\2.4.0\json-path-2.4.0.jar;D:\java\repository\net\minidev\json-smart\2.3\json-smart-2.3.jar;D:\java\repository\net\minidev\accessors-smart\1.2\accessors-smart-1.2.jar;D:\java\repository\org\ow2\asm\asm\5.0.4\asm-5.0.4.jar;D:\java\repository\org\assertj\assertj-core\3.11.1\assertj-core-3.11.1.jar;D:\java\repository\org\mockito\mockito-core\2.23.0\mockito-core-2.23.0.jar;D:\java\repository\net\bytebuddy\byte-buddy\1.9.3\byte-buddy-1.9.3.jar;D:\java\repository\net\bytebuddy\byte-buddy-agent\1.9.3\byte-buddy-agent-1.9.3.jar;D:\java\repository\org\objenesis\objenesis\2.6\objenesis-2.6.jar;D:\java\repository\org\hamcrest\hamcrest-core\1.3\hamcrest-core-1.3.jar;D:\java\repository\org\hamcrest\hamcrest-library\1.3\hamcrest-library-1.3.jar;D:\java\repository\org\skyscreamer\jsonassert\1.5.0\jsonassert-1.5.0.jar;D:\java\repository\com\vaadin\external\google\android-json\0.0.20131108.vaadin1\android-json-0.0.20131108.vaadin1.jar;D:\java\repository\org\springframework\spring-test\5.1.2.RELEASE\spring-test-5.1.2.RELEASE.jar;D:\java\repository\org\xmlunit\xmlunit-core\2.6.2\xmlunit-core-2.6.2.jar;D:\java\repository\junit\junit\4.12\junit-4.12.jar;D:\java\repository\org\projectlombok\lombok\1.18.4\lombok-1.18.4.jar;D:\java\repository\com\alibaba\fastjson\1.2.8\fastjson-1.2.8.jar; - o.a.z.ZooKeeper
2021-07-09 20:30:12.889 INFO  [main] Client environment:java.library.path=E:\HeiMa\study\soft\jdk1.8.0_162\jre\bin;C:\WINDOWS\Sun\Java\bin;C:\WINDOWS\system32;C:\WINDOWS;C:\Program Files (x86)\Common Files\Oracle\Java\javapath;C:\ProgramData\Oracle\Java\javapath;E:\HeiMa\study\soft\jdk1.8.0_162\bin;C:\Windows\system32;C:\Windows;C:\Windows\System32\Wbem;C:\Windows\System32\WindowsPowerShell\v1.0\;C:\Windows\System32\OpenSSH\;C:\Program Files (x86)\NVIDIA Corporation\PhysX\Common;C:\Program Files\NVIDIA Corporation\NVIDIA NvDLISR;C:\Program Files\Intel\WiFi\bin\;C:\Program Files\Common Files\Intel\WirelessCommon\;C:\WINDOWS\system32;C:\WINDOWS;C:\WINDOWS\System32\Wbem;C:\WINDOWS\System32\WindowsPowerShell\v1.0\;C:\WINDOWS\System32\OpenSSH\;C:\Program Files (x86)\MySQL\MySQL Server 5.5\bin;E:\HeiMa\study\soft\apache-maven-3.5.3\bin;D:\Program Files\VisualSVN Server\bin;C:\Program Files\TortoiseSVN\bin;C:\Program Files\Git\cmd;C:\Program Files\TortoiseGit\bin;E:\HeiMa\study\soft\jdk1.8.0_162\bin;E:\HeiMa\study\soft\jdk1.8.0_162\jre\bin;C:\Users\刘齐\AppData\Local\Microsoft\WindowsApps;;. - o.a.z.ZooKeeper
2021-07-09 20:30:12.889 INFO  [main] Client environment:java.io.tmpdir=C:\Users\刘齐\AppData\Local\Temp\ - o.a.z.ZooKeeper
2021-07-09 20:30:12.889 INFO  [main] Client environment:java.compiler=<NA> - o.a.z.ZooKeeper
2021-07-09 20:30:12.889 INFO  [main] Client environment:os.name=Windows 10 - o.a.z.ZooKeeper
2021-07-09 20:30:12.889 INFO  [main] Client environment:os.arch=amd64 - o.a.z.ZooKeeper
2021-07-09 20:30:12.889 INFO  [main] Client environment:os.version=10.0 - o.a.z.ZooKeeper
2021-07-09 20:30:12.889 INFO  [main] Client environment:user.name=刘齐 - o.a.z.ZooKeeper
2021-07-09 20:30:12.889 INFO  [main] Client environment:user.home=C:\Users\刘齐 - o.a.z.ZooKeeper
2021-07-09 20:30:12.889 INFO  [main] Client environment:user.dir=E:\HeiMa\study\code\tanhua\tanhua-server - o.a.z.ZooKeeper
2021-07-09 20:30:12.889 INFO  [main] Initiating client connection, connectString=10.10.20.160:2181 sessionTimeout=60000 watcher=org.apache.curator.ConnectionState@786ff1cb - o.a.z.ZooKeeper
2021-07-09 20:30:13.108 INFO  [main-SendThread(10.10.20.160:2181)] Opening socket connection to server 10.10.20.160/10.10.20.160:2181. Will not attempt to authenticate using SASL (unknown error) - o.a.z.ClientCnxn
2021-07-09 20:30:13.112 INFO  [main] Default schema - o.a.c.f.i.CuratorFrameworkImpl
2021-07-09 20:30:13.112 INFO  [main-SendThread(10.10.20.160:2181)] Socket connection established to 10.10.20.160/10.10.20.160:2181, initiating session - o.a.z.ClientCnxn
2021-07-09 20:30:13.117 INFO  [main-SendThread(10.10.20.160:2181)] Session establishment complete on server 10.10.20.160/10.10.20.160:2181, sessionid = 0x1000001c31d000d, negotiated timeout = 40000 - o.a.z.ClientCnxn
2021-07-09 20:30:13.125 INFO  [main-EventThread] State change: CONNECTED - o.a.c.f.s.ConnectionStateManager
2021-07-09 20:30:13.336 INFO  [main] The configBean[type:ReferenceBean] has been built. - o.a.d.c.s.b.f.a.ReferenceBeanBuilder
2021-07-09 20:30:13.367 INFO  [main] The configBean[type:ReferenceBean] has been built. - o.a.d.c.s.b.f.a.ReferenceBeanBuilder
2021-07-09 20:30:13.915 INFO  [main] The configBean[type:ReferenceBean] has been built. - o.a.d.c.s.b.f.a.ReferenceBeanBuilder
2021-07-09 20:30:13.958 INFO  [main] The configBean[type:ReferenceBean] has been built. - o.a.d.c.s.b.f.a.ReferenceBeanBuilder
2021-07-09 20:30:13.989 INFO  [main] The configBean[type:ReferenceBean] has been built. - o.a.d.c.s.b.f.a.ReferenceBeanBuilder
2021-07-09 20:30:14.012 INFO  [main] The configBean[type:ReferenceBean] has been built. - o.a.d.c.s.b.f.a.ReferenceBeanBuilder
2021-07-09 20:30:14.043 INFO  [main] The configBean[type:ReferenceBean] has been built. - o.a.d.c.s.b.f.a.ReferenceBeanBuilder
2021-07-09 20:30:14.079 INFO  [main] The configBean[type:ReferenceBean] has been built. - o.a.d.c.s.b.f.a.ReferenceBeanBuilder
2021-07-09 20:30:14.176 INFO  [main] The configBean[type:ReferenceBean] has been built. - o.a.d.c.s.b.f.a.ReferenceBeanBuilder
2021-07-09 20:30:14.590 INFO  [main] Initializing ExecutorService 'applicationTaskExecutor' - o.s.s.c.ThreadPoolTaskExecutor
2021-07-09 20:30:15.041 INFO  [main] Started HuanxinTest in 3.957 seconds (JVM running for 4.648) - c.t.s.t.HuanxinTest
2021-07-09 20:30:15.412 INFO  [main] 获取管理员的授权令牌*****url:http://a1.easemob.com/1155210709084703/tanhua1/token******statusCode:200***** - c.t.c.t.HuanXinTemplate
]]></system-out>
    <system-err><![CDATA[SLF4J: Class path contains multiple SLF4J bindings.
SLF4J: Found binding in [jar:file:/D:/java/repository/ch/qos/logback/logback-classic/1.2.3/logback-classic-1.2.3.jar!/org/slf4j/impl/StaticLoggerBinder.class]
SLF4J: Found binding in [jar:file:/D:/java/repository/org/slf4j/slf4j-log4j12/1.7.25/slf4j-log4j12-1.7.25.jar!/org/slf4j/impl/StaticLoggerBinder.class]
SLF4J: See http://www.slf4j.org/codes.html#multiple_bindings for an explanation.
SLF4J: Actual binding is of type [ch.qos.logback.classic.util.ContextSelectorStaticBinder]
log4j:WARN No appenders could be found for logger (org.apache.dubbo.common.logger.LoggerFactory).
log4j:WARN Please initialize the log4j system properly.
log4j:WARN See http://logging.apache.org/log4j/1.2/faq.html#noconfig for more info.
]]></system-err>
  </testcase>
  <testcase name="testRegister" classname="com.tanhua.server.test.HuanxinTest" time="0.595">
    <error message="400 " type="org.springframework.web.client.HttpClientErrorException$BadRequest">org.springframework.web.client.HttpClientErrorException$BadRequest: 400 
	at com.tanhua.server.test.HuanxinTest.testRegister(HuanxinTest.java:23)
</error>
  </testcase>
  <testcase name="makefriend" classname="com.tanhua.server.test.HuanxinTest" time="0.778"/>
  <testcase name="sendMsg" classname="com.tanhua.server.test.HuanxinTest" time="0.746"/>
</testsuite>